<?xml version="1.0" encoding="UTF-8"?>
<!-- Generated by org.testng.reporters.JUnitReportReporter -->
<testsuite hostname="SOURABH" failures="0" tests="4" name="sour1234.Assertcondition" time="0.008" errors="0" timestamp="2022-12-14T15:20:00 IST" skipped="0">
  <testcase classname="sour1234.Assertcondition" name="sourabh" time="0.006"/>
  <system-out/>
  <testcase classname="sour1234.Assertcondition" name="sourabh2" time="0.001"/>
  <system-out/>
  <testcase classname="sour1234.Assertcondition" name="sourabh4" time="0.000"/>
  <system-out/>
  <testcase classname="sour1234.Assertcondition" name="sourabh5" time="0.001"/>
  <system-out/>
</testsuite> <!-- sour1234.Assertcondition -->
