<?xml version="1.0" encoding="UTF-8"?>
<!-- Generated by org.testng.reporters.JUnitReportReporter -->
<testsuite hostname="SOURABH" failures="0" tests="1" name="sour1234.testsmoke" time="0.010" errors="0" timestamp="2022-12-14T14:34:46 IST" skipped="0">
  <testcase classname="sour1234.testsmoke" name="testcase2" time="0.010"/>
  <system-out/>
</testsuite> <!-- sour1234.testsmoke -->
