<?xml version="1.0" encoding="UTF-8"?>
<!-- Generated by org.testng.reporters.JUnitReportReporter -->
<testsuite hostname="SOURABH" failures="0" tests="1" name="Runner.test_runner" time="49.059" errors="0" timestamp="2022-12-16T18:09:01 IST" skipped="0">
  <testcase classname="Runner.test_runner" name="runScenario" time="49.059"/>
  <system-out/>
</testsuite> <!-- Runner.test_runner -->
