<?xml version="1.0" encoding="UTF-8"?>
<!-- Generated by org.testng.reporters.JUnitReportReporter -->
<testsuite hostname="SOURABH" failures="0" tests="2" name="newmethod_all.Newmethods" time="48.754" errors="0" timestamp="2022-12-14T14:27:44 IST" skipped="0">
  <testcase classname="newmethod_all.Newmethods" name="Pair" time="22.040"/>
  <system-out/>
  <testcase classname="newmethod_all.Newmethods" name="Pair" time="26.714"/>
  <system-out/>
</testsuite> <!-- newmethod_all.Newmethods -->
